[debug] [2020-05-13T06:48:33.497Z] ----------------------------------------------------------------------
[debug] [2020-05-13T06:48:33.501Z] Command:       /usr/local/bin/node /usr/local/bin/firebase init
[debug] [2020-05-13T06:48:33.501Z] CLI Version:   8.2.0
[debug] [2020-05-13T06:48:33.501Z] Platform:      linux
[debug] [2020-05-13T06:48:33.501Z] Node Version:  v12.16.1
[debug] [2020-05-13T06:48:33.502Z] Time:          Wed May 13 2020 09:48:33 GMT+0300 (East Africa Time)
[debug] [2020-05-13T06:48:33.502Z] ----------------------------------------------------------------------
[debug] [2020-05-13T06:48:33.502Z] 
[debug] [2020-05-13T06:48:33.507Z] > command requires scopes: ["email","openid","https://www.googleapis.com/auth/cloudplatformprojects.readonly","https://www.googleapis.com/auth/firebase","https://www.googleapis.com/auth/cloud-platform"]
[debug] [2020-05-13T06:48:33.508Z] > authorizing via signed-in user
[info] 
     ######## #### ########  ######## ########     ###     ######  ########
     ##        ##  ##     ## ##       ##     ##  ##   ##  ##       ##
     ######    ##  ########  ######   ########  #########  ######  ######
     ##        ##  ##    ##  ##       ##     ## ##     ##       ## ##
     ##       #### ##     ## ######## ########  ##     ##  ######  ########

You're about to initialize a Firebase project in this directory:

  /home/kev/Desktop/FoodBooth

[debug] [2020-05-13T15:48:17.505Z] TypeError: Cannot read property 'setRawMode' of null
    at ReadStream.setRawMode (tty.js:75:28)
    at Interface._setRawMode (readline.js:283:16)
    at Interface.close (readline.js:406:10)
    at ReadStream.ontermend (readline.js:194:10)
    at ReadStream.emit (events.js:323:22)
    at ReadStream.EventEmitter.emit (domain.js:482:12)
    at endReadableNT (_stream_readable.js:1204:12)
    at processTicksAndRejections (internal/process/task_queues.js:84:21)
